<?xml version="1.0" encoding="UTF-8"?>
<!-- Generated by org.testng.reporters.JUnitReportReporter -->
<testsuite hostname="Linnie" failures="0" tests="3" name="Automation.Add_Brands" time="8.051" errors="0" timestamp="2024-12-28T12:44:57 ICT" skipped="0">
  <testcase classname="Automation.Add_Brands" name="openBrowser" time="2.304"/>
  <system-out/>
  <testcase classname="Automation.Add_Brands" name="loginAdmin" time="2.994"/>
  <system-out/>
  <testcase classname="Automation.Add_Brands" name="addBrands" time="2.753"/>
  <system-out/>
</testsuite> <!-- Automation.Add_Brands -->
