<?xml version="1.0" encoding="UTF-8"?>
<!-- Generated by org.testng.reporters.JUnitReportReporter -->
<testsuite hostname="Linnie" failures="0" tests="3" name="Automation.Update_Product" time="14.803" errors="0" timestamp="2024-12-28T14:06:28 ICT" skipped="0">
  <testcase classname="Automation.Update_Product" name="openBrowser" time="2.046"/>
  <system-out/>
  <testcase classname="Automation.Update_Product" name="loginAdmin" time="2.784"/>
  <system-out/>
  <testcase classname="Automation.Update_Product" name="updateProduct" time="9.973"/>
  <system-out/>
</testsuite> <!-- Automation.Update_Product -->
