<?xml version="1.0" encoding="UTF-8"?>
<!-- Generated by org.testng.reporters.JUnitReportReporter -->
<testsuite hostname="Linnie" failures="0" tests="3" name="Automation.Delete_Product" time="8.000" errors="0" timestamp="2024-12-28T14:13:51 ICT" skipped="0">
  <testcase classname="Automation.Delete_Product" name="openBrowser" time="1.797"/>
  <system-out/>
  <testcase classname="Automation.Delete_Product" name="loginAdmin" time="2.728"/>
  <system-out/>
  <testcase classname="Automation.Delete_Product" name="deleteProduct" time="3.475"/>
  <system-out/>
</testsuite> <!-- Automation.Delete_Product -->
