<?xml version="1.0" encoding="UTF-8"?>
<!-- Generated by org.testng.reporters.JUnitReportReporter -->
<testsuite hostname="Linnie" failures="0" tests="3" name="Automation.Search_Order" time="12.138" errors="0" timestamp="2024-12-28T12:29:10 ICT" skipped="0">
  <testcase classname="Automation.Search_Order" name="openBrowser" time="2.260"/>
  <system-out/>
  <testcase classname="Automation.Search_Order" name="timKiemOrder" time="6.848"/>
  <system-out/>
  <testcase classname="Automation.Search_Order" name="loginAdmin" time="3.030"/>
  <system-out/>
</testsuite> <!-- Automation.Search_Order -->
