<?xml version="1.0" encoding="UTF-8"?>
<!-- Generated by org.testng.reporters.JUnitReportReporter -->
<testsuite hostname="Linnie" failures="0" tests="3" name="Automation.Update_Save" time="9.616" errors="0" timestamp="2024-12-13T21:26:05 ICT" skipped="0">
  <testcase classname="Automation.Update_Save" name="openBrowser" time="1.580"/>
  <system-out/>
  <testcase classname="Automation.Update_Save" name="saveDonhang" time="5.349"/>
  <system-out/>
  <testcase classname="Automation.Update_Save" name="loginAdmin" time="2.687"/>
  <system-out/>
</testsuite> <!-- Automation.Update_Save -->
