<?xml version="1.0" encoding="UTF-8"?>
<!-- Generated by org.testng.reporters.JUnitReportReporter -->
<testsuite hostname="Linnie" failures="0" tests="3" name="Automation.Update_Delete_Brands" time="8.613" errors="0" timestamp="2024-12-28T13:16:28 ICT" skipped="0">
  <testcase classname="Automation.Update_Delete_Brands" name="openBrowser" time="2.317"/>
  <system-out/>
  <testcase classname="Automation.Update_Delete_Brands" name="loginAdmin" time="2.770"/>
  <system-out/>
  <testcase classname="Automation.Update_Delete_Brands" name="deleteBrands" time="3.526"/>
  <system-out/>
</testsuite> <!-- Automation.Update_Delete_Brands -->
