<?xml version="1.0" encoding="UTF-8"?>
<!-- Generated by org.testng.reporters.JUnitReportReporter -->
<testsuite hostname="Linnie" failures="0" tests="3" name="Automation.Add_Product" time="17.649" errors="0" timestamp="2024-12-28T13:46:26 ICT" skipped="0">
  <testcase classname="Automation.Add_Product" name="openBrowser" time="1.896"/>
  <system-out/>
  <testcase classname="Automation.Add_Product" name="loginAdmin" time="2.743"/>
  <system-out/>
  <testcase classname="Automation.Add_Product" name="addProduct" time="13.010"/>
  <system-out/>
</testsuite> <!-- Automation.Add_Product -->
