<?xml version="1.0" encoding="UTF-8"?>
<!-- Generated by org.testng.reporters.JUnitReportReporter -->
<testsuite hostname="Linnie" failures="0" tests="3" name="Automation.Test_Order" time="15.323" errors="0" timestamp="2024-12-28T12:31:53 ICT" skipped="0">
  <testcase classname="Automation.Test_Order" name="openBrowser" time="2.366"/>
  <system-out/>
  <testcase classname="Automation.Test_Order" name="loginAdmin" time="3.344"/>
  <system-out/>
  <testcase classname="Automation.Test_Order" name="addProductFail" time="9.613"/>
  <system-out/>
</testsuite> <!-- Automation.Test_Order -->
