<?xml version="1.0" encoding="UTF-8"?>
<!-- Generated by org.testng.reporters.JUnitReportReporter -->
<testsuite hostname="Linnie" failures="0" tests="3" name="Automation.Update_Delete_Caterogies" time="8.870" errors="0" timestamp="2024-12-13T22:16:08 ICT" skipped="0">
  <testcase classname="Automation.Update_Delete_Caterogies" name="openBrowser" time="3.773"/>
  <system-out/>
  <testcase classname="Automation.Update_Delete_Caterogies" name="loginAdmin" time="2.831"/>
  <system-out/>
  <testcase classname="Automation.Update_Delete_Caterogies" name="deleteCategories" time="2.266"/>
  <system-out/>
</testsuite> <!-- Automation.Update_Delete_Caterogies -->
