<?xml version="1.0" encoding="UTF-8"?>
<!-- Generated by org.testng.reporters.JUnitReportReporter -->
<testsuite hostname="Linnie" failures="0" tests="3" name="Automation.Delete_Order" time="11.333" errors="0" timestamp="2024-12-28T12:28:13 ICT" skipped="0">
  <testcase classname="Automation.Delete_Order" name="openBrowser" time="2.410"/>
  <system-out/>
  <testcase classname="Automation.Delete_Order" name="loginAdmin" time="4.232"/>
  <system-out/>
  <testcase classname="Automation.Delete_Order" name="xoaDonHang" time="4.691"/>
  <system-out/>
</testsuite> <!-- Automation.Delete_Order -->
