<?xml version="1.0" encoding="UTF-8"?>
<!-- Generated by org.testng.reporters.JUnitReportReporter -->
<testsuite hostname="Linnie" failures="0" tests="3" name="Automation.Delete_User" time="9.107" errors="0" timestamp="2024-12-28T18:29:51 ICT" skipped="0">
  <testcase classname="Automation.Delete_User" name="openBrowser" time="2.429"/>
  <system-out/>
  <testcase classname="Automation.Delete_User" name="loginAdmin" time="3.136"/>
  <system-out/>
  <testcase classname="Automation.Delete_User" name="deleteUser" time="3.542"/>
  <system-out/>
</testsuite> <!-- Automation.Delete_User -->
