<?xml version="1.0" encoding="UTF-8"?>
<!-- Generated by org.testng.reporters.JUnitReportReporter -->
<testsuite hostname="Linnie" failures="0" tests="3" name="Automation.Add_Categories" time="12.014" errors="0" timestamp="2024-12-28T12:22:11 ICT" skipped="0">
  <testcase classname="Automation.Add_Categories" name="openBrowser" time="2.490"/>
  <system-out/>
  <testcase classname="Automation.Add_Categories" name="loginAdmin" time="3.420"/>
  <system-out/>
  <testcase classname="Automation.Add_Categories" name="addCategories" time="6.104"/>
  <system-out/>
</testsuite> <!-- Automation.Add_Categories -->
